[2024-10-17T06:17:00.266761+00:00] main.DEBUG: cache_invalidate:  {"method":"GET","url":"http:/","invalidateInfo":{"tags":["CONFIG"],"mode":"matchingTag"}} []
[2024-10-17T06:17:00.268873+00:00] main.DEBUG: cache_invalidate:  {"method":"GET","url":"http:/","invalidateInfo":{"tags":["LAYOUT_GENERAL_CACHE_TAG"],"mode":"matchingTag"}} []
[2024-10-17T06:17:00.270717+00:00] main.DEBUG: cache_invalidate:  {"method":"GET","url":"http:/","invalidateInfo":{"tags":["BLOCK_HTML"],"mode":"matchingTag"}} []
[2024-10-17T06:17:00.274149+00:00] main.DEBUG: cache_invalidate:  {"method":"GET","url":"http:/","invalidateInfo":{"tags":["COLLECTION_DATA"],"mode":"matchingTag"}} []
[2024-10-17T06:17:00.275562+00:00] main.DEBUG: cache_invalidate:  {"method":"GET","url":"http:/","invalidateInfo":{"tags":["REFLECTION"],"mode":"matchingTag"}} []
[2024-10-17T06:17:00.278286+00:00] main.DEBUG: cache_invalidate:  {"method":"GET","url":"http:/","invalidateInfo":{"tags":["DB_DDL"],"mode":"matchingTag"}} []
[2024-10-17T06:17:00.280982+00:00] main.DEBUG: cache_invalidate:  {"method":"GET","url":"http:/","invalidateInfo":{"tags":["COMPILED_CONFIG"],"mode":"matchingTag"}} []
[2024-10-17T06:17:00.282536+00:00] main.DEBUG: cache_invalidate:  {"method":"GET","url":"http:/","invalidateInfo":{"tags":["EAV"],"mode":"matchingTag"}} []
[2024-10-17T06:17:00.284103+00:00] main.DEBUG: cache_invalidate:  {"method":"GET","url":"http:/","invalidateInfo":{"tags":["CUSTOMER_NOTIFICATION"],"mode":"matchingTag"}} []
[2024-10-17T06:17:00.285547+00:00] main.DEBUG: cache_invalidate:  {"method":"GET","url":"http:/","invalidateInfo":{"tags":["INTEGRATION"],"mode":"matchingTag"}} []
[2024-10-17T06:17:00.288326+00:00] main.DEBUG: cache_invalidate:  {"method":"GET","url":"http:/","invalidateInfo":{"tags":["INTEGRATION_API_CONFIG"],"mode":"matchingTag"}} []
[2024-10-17T06:17:00.412007+00:00] main.DEBUG: cache_invalidate:  {"method":"GET","url":"http:/","invalidateInfo":{"tags":["FPC"],"mode":"matchingTag"}} []
[2024-10-17T06:17:00.413581+00:00] main.DEBUG: cache_invalidate:  {"method":"GET","url":"http:/","invalidateInfo":{"tags":["WEBSERVICE"],"mode":"matchingTag"}} []
[2024-10-17T06:17:00.415861+00:00] main.DEBUG: cache_invalidate:  {"method":"GET","url":"http:/","invalidateInfo":{"tags":["TRANSLATE"],"mode":"matchingTag"}} []
[2024-10-17T06:17:00.888422+00:00] main.DEBUG: cache_invalidate:  {"method":"GET","url":"http:/","invalidateInfo":{"identifier":"DB_PDO_MYSQL_DDL_customer_grid_flat_1"}} []
[2024-10-17T06:17:00.889667+00:00] main.DEBUG: cache_invalidate:  {"method":"GET","url":"http:/","invalidateInfo":{"identifier":"DB_PDO_MYSQL_DDL_customer_grid_flat_2"}} []
[2024-10-17T06:17:00.890767+00:00] main.DEBUG: cache_invalidate:  {"method":"GET","url":"http:/","invalidateInfo":{"identifier":"DB_PDO_MYSQL_DDL_customer_grid_flat_3"}} []
[2024-10-17T06:17:00.891797+00:00] main.DEBUG: cache_invalidate:  {"method":"GET","url":"http:/","invalidateInfo":{"identifier":"DB_PDO_MYSQL_DDL_customer_grid_flat_4"}} []
[2024-10-17T06:17:00.893554+00:00] main.DEBUG: cache_invalidate:  {"method":"GET","url":"http:/","invalidateInfo":{"identifier":"DB_PDO_MYSQL_DDL_customer_grid_flat_5"}} []
[2024-10-17T06:17:01.211483+00:00] main.DEBUG: cache_invalidate:  {"method":"GET","url":"http:/","invalidateInfo":{"identifier":"DB_PDO_MYSQL_DDL_customer_grid_flat_1"}} []
[2024-10-17T06:17:01.214414+00:00] main.DEBUG: cache_invalidate:  {"method":"GET","url":"http:/","invalidateInfo":{"identifier":"DB_PDO_MYSQL_DDL_customer_grid_flat_2"}} []
[2024-10-17T06:17:01.217044+00:00] main.DEBUG: cache_invalidate:  {"method":"GET","url":"http:/","invalidateInfo":{"identifier":"DB_PDO_MYSQL_DDL_customer_grid_flat_3"}} []
[2024-10-17T06:17:01.220019+00:00] main.DEBUG: cache_invalidate:  {"method":"GET","url":"http:/","invalidateInfo":{"identifier":"DB_PDO_MYSQL_DDL_customer_grid_flat_4"}} []
[2024-10-17T06:17:01.222929+00:00] main.DEBUG: cache_invalidate:  {"method":"GET","url":"http:/","invalidateInfo":{"identifier":"DB_PDO_MYSQL_DDL_customer_grid_flat_5"}} []
[2024-10-17T06:17:01.348942+00:00] main.DEBUG: cache_invalidate:  {"method":"GET","url":"http:/","invalidateInfo":{"tags":["LAYOUT_GENERAL_CACHE_TAG"],"mode":"matchingTag"}} []
[2024-10-17T06:17:01.362414+00:00] main.DEBUG: cache_invalidate:  {"method":"GET","url":"http:/","invalidateInfo":{"tags":["BLOCK_HTML"],"mode":"matchingTag"}} []
[2024-10-17T06:17:01.364873+00:00] main.DEBUG: cache_invalidate:  {"method":"GET","url":"http:/","invalidateInfo":{"tags":["FPC"],"mode":"matchingTag"}} []
[2024-10-17T06:17:01.568268+00:00] main.DEBUG: cache_invalidate:  {"method":"GET","url":"http:/","invalidateInfo":{"tags":["CONFIG"],"mode":"matchingTag"}} []
[2024-10-17T06:17:01.569899+00:00] main.DEBUG: cache_invalidate:  {"method":"GET","url":"http:/","invalidateInfo":{"tags":["LAYOUT_GENERAL_CACHE_TAG"],"mode":"matchingTag"}} []
[2024-10-17T06:17:01.571701+00:00] main.DEBUG: cache_invalidate:  {"method":"GET","url":"http:/","invalidateInfo":{"tags":["BLOCK_HTML"],"mode":"matchingTag"}} []
[2024-10-17T06:17:01.573354+00:00] main.DEBUG: cache_invalidate:  {"method":"GET","url":"http:/","invalidateInfo":{"tags":["COLLECTION_DATA"],"mode":"matchingTag"}} []
[2024-10-17T06:17:01.576115+00:00] main.DEBUG: cache_invalidate:  {"method":"GET","url":"http:/","invalidateInfo":{"tags":["REFLECTION"],"mode":"matchingTag"}} []
[2024-10-17T06:17:01.577768+00:00] main.DEBUG: cache_invalidate:  {"method":"GET","url":"http:/","invalidateInfo":{"tags":["DB_DDL"],"mode":"matchingTag"}} []
[2024-10-17T06:17:01.579104+00:00] main.DEBUG: cache_invalidate:  {"method":"GET","url":"http:/","invalidateInfo":{"tags":["COMPILED_CONFIG"],"mode":"matchingTag"}} []
[2024-10-17T06:17:01.580942+00:00] main.DEBUG: cache_invalidate:  {"method":"GET","url":"http:/","invalidateInfo":{"tags":["EAV"],"mode":"matchingTag"}} []
[2024-10-17T06:17:01.582785+00:00] main.DEBUG: cache_invalidate:  {"method":"GET","url":"http:/","invalidateInfo":{"tags":["CUSTOMER_NOTIFICATION"],"mode":"matchingTag"}} []
[2024-10-17T06:17:01.584497+00:00] main.DEBUG: cache_invalidate:  {"method":"GET","url":"http:/","invalidateInfo":{"tags":["INTEGRATION"],"mode":"matchingTag"}} []
[2024-10-17T06:17:01.585843+00:00] main.DEBUG: cache_invalidate:  {"method":"GET","url":"http:/","invalidateInfo":{"tags":["INTEGRATION_API_CONFIG"],"mode":"matchingTag"}} []
[2024-10-17T06:17:01.587131+00:00] main.DEBUG: cache_invalidate:  {"method":"GET","url":"http:/","invalidateInfo":{"tags":["FPC"],"mode":"matchingTag"}} []
[2024-10-17T06:17:01.588438+00:00] main.DEBUG: cache_invalidate:  {"method":"GET","url":"http:/","invalidateInfo":{"tags":["WEBSERVICE"],"mode":"matchingTag"}} []
[2024-10-17T06:17:01.589596+00:00] main.DEBUG: cache_invalidate:  {"method":"GET","url":"http:/","invalidateInfo":{"tags":["TRANSLATE"],"mode":"matchingTag"}} []
[2024-10-17T06:21:39.513119+00:00] main.DEBUG: cache_invalidate:  {"method":"GET","url":"http:/","invalidateInfo":{"tags":["FPC"],"mode":"matchingTag"}} []
[2024-10-17T06:21:49.053305+00:00] main.DEBUG: cache_invalidate:  {"method":"GET","url":"http:/","invalidateInfo":{"tags":[],"mode":"all"}} []
[2024-10-17T06:21:49.058793+00:00] main.DEBUG: cache_invalidate:  {"method":"GET","url":"http:/","invalidateInfo":{"tags":[],"mode":"all"}} []
[2024-10-17T06:23:03.724370+00:00] main.DEBUG: cache_invalidate:  {"method":"POST","url":"http://13.235.43.38/index.php/admin/admin/index/index/key/f9e6bd227d33ae1a9e36803c6f934e2623569a52845e597369c4c818c582f4d8/","invalidateInfo":{"tags":["BACKEND_MAINMENU"],"mode":"matchingAnyTag"}} []
[2024-10-17T06:23:03.860310+00:00] main.DEBUG: cache_invalidate:  {"method":"POST","url":"http://13.235.43.38/index.php/admin/admin/index/index/key/f9e6bd227d33ae1a9e36803c6f934e2623569a52845e597369c4c818c582f4d8/","invalidateInfo":{"tags":["PB_EDITOR_CONFIG","CONFIG"],"mode":"matchingTag"}} []
[2024-10-17T06:23:03.917448+00:00] main.INFO: Item Magento_Backend::system_currency was removed [] []
[2024-10-17T06:23:03.929718+00:00] main.INFO: Add of item with id Magento_Config::system_config was processed [] []
[2024-10-17T06:23:03.930179+00:00] main.INFO: Add of item with id Magento_AdminNotification::system_adminnotification was processed [] []
[2024-10-17T06:23:03.930613+00:00] main.INFO: Add of item with id Magento_Theme::design_config was processed [] []
[2024-10-17T06:23:03.930933+00:00] main.INFO: Add of item with id Magento_Theme::system_design_theme was processed [] []
[2024-10-17T06:23:03.931254+00:00] main.INFO: Add of item with id Magento_Backend::system_design_schedule was processed [] []
[2024-10-17T06:23:03.931547+00:00] main.INFO: Add of item with id Magento_Backend::system_store was processed [] []
[2024-10-17T06:23:03.931832+00:00] main.INFO: Add of item with id Magento_Backend::dashboard was processed [] []
[2024-10-17T06:23:03.932135+00:00] main.INFO: Add of item with id Magento_Backend::system was processed [] []
[2024-10-17T06:23:03.932434+00:00] main.INFO: Add of item with id Magento_Backend::system_tools was processed [] []
[2024-10-17T06:23:03.932741+00:00] main.INFO: Add of item with id Magento_Backend::system_design was processed [] []
[2024-10-17T06:23:03.933025+00:00] main.INFO: Add of item with id Magento_Backend::system_convert was processed [] []
[2024-10-17T06:23:03.933312+00:00] main.INFO: Add of item with id Magento_Backend::system_cache was processed [] []
[2024-10-17T06:23:03.933588+00:00] main.INFO: Add of item with id Magento_Backend::marketing was processed [] []
[2024-10-17T06:23:03.933887+00:00] main.INFO: Add of item with id Magento_Backend::marketing_communications was processed [] []
[2024-10-17T06:23:03.934168+00:00] main.INFO: Add of item with id Magento_Backend::marketing_seo was processed [] []
[2024-10-17T06:23:03.934455+00:00] main.INFO: Add of item with id Magento_Backend::marketing_user_content was processed [] []
[2024-10-17T06:23:03.934739+00:00] main.INFO: Add of item with id Magento_Backend::content was processed [] []
[2024-10-17T06:23:03.935015+00:00] main.INFO: Add of item with id Magento_Backend::content_elements was processed [] []
[2024-10-17T06:23:03.935391+00:00] main.INFO: Add of item with id Magento_Backend::stores was processed [] []
[2024-10-17T06:23:03.935736+00:00] main.INFO: Add of item with id Magento_Backend::stores_settings was processed [] []
[2024-10-17T06:23:03.936086+00:00] main.INFO: Add of item with id Magento_Backend::stores_attributes was processed [] []
[2024-10-17T06:23:03.936424+00:00] main.INFO: Add of item with id Magento_Backend::other_settings was processed [] []
[2024-10-17T06:23:03.936700+00:00] main.INFO: Add of item with id Magento_Backend::system_other_settings was processed [] []
[2024-10-17T06:23:03.937200+00:00] main.INFO: Add of item with id Magento_User::system_acl was processed [] []
[2024-10-17T06:23:03.937748+00:00] main.INFO: Add of item with id Magento_User::system_acl_users was processed [] []
[2024-10-17T06:23:03.938116+00:00] main.INFO: Add of item with id Magento_User::system_acl_roles was processed [] []
[2024-10-17T06:23:03.938431+00:00] main.INFO: Add of item with id Magento_User::system_acl_locks was processed [] []
[2024-10-17T06:23:03.938746+00:00] main.INFO: Add of item with id Magento_Customer::customer was processed [] []
[2024-10-17T06:23:03.939065+00:00] main.INFO: Add of item with id Magento_Customer::customer_manage was processed [] []
[2024-10-17T06:23:03.939369+00:00] main.INFO: Add of item with id Magento_Customer::customer_online was processed [] []
[2024-10-17T06:23:03.939990+00:00] main.INFO: Add of item with id Magento_Customer::customer_group was processed [] []
[2024-10-17T06:23:03.940945+00:00] main.INFO: Add of item with id Magento_Backup::system_tools_backup was processed [] []
[2024-10-17T06:23:03.941275+00:00] main.INFO: Add of item with id Magento_Indexer::system_index was processed [] []
[2024-10-17T06:23:03.941685+00:00] main.INFO: Add of item with id Magento_Variable::system_variable was processed [] []
[2024-10-17T06:23:03.942087+00:00] main.INFO: Add of item with id Magento_Cms::cms_page was processed [] []
[2024-10-17T06:23:03.942637+00:00] main.INFO: Add of item with id Magento_Cms::cms_block was processed [] []
[2024-10-17T06:23:03.943237+00:00] main.INFO: Add of item with id Magento_Search::search_terms was processed [] []
[2024-10-17T06:23:03.944579+00:00] main.INFO: Add of item with id Magento_Search::search_synonyms was processed [] []
[2024-10-17T06:23:03.945555+00:00] main.INFO: Add of item with id Magento_Catalog::catalog was processed [] []
[2024-10-17T06:23:03.946069+00:00] main.INFO: Add of item with id Magento_Catalog::catalog_products was processed [] []
[2024-10-17T06:23:03.946497+00:00] main.INFO: Add of item with id Magento_Catalog::catalog_categories was processed [] []
[2024-10-17T06:23:03.947969+00:00] main.INFO: Add of item with id Magento_Catalog::catalog_attributes_attributes was processed [] []
[2024-10-17T06:23:03.948594+00:00] main.INFO: Add of item with id Magento_Catalog::catalog_attributes_sets was processed [] []
[2024-10-17T06:23:03.948986+00:00] main.INFO: Add of item with id Magento_Catalog::inventory was processed [] []
[2024-10-17T06:23:03.949461+00:00] main.INFO: Add of item with id Magento_CatalogRule::promo was processed [] []
[2024-10-17T06:23:03.949934+00:00] main.INFO: Add of item with id Magento_CatalogRule::promo_catalog was processed [] []
[2024-10-17T06:23:03.950367+00:00] main.INFO: Add of item with id Magento_MediaGalleryUi::media was processed [] []
[2024-10-17T06:23:03.950699+00:00] main.INFO: Add of item with id Magento_MediaGalleryUi::media_gallery was processed [] []
[2024-10-17T06:23:03.951517+00:00] main.INFO: Add of item with id Magento_Integration::system_extensions was processed [] []
[2024-10-17T06:23:03.952003+00:00] main.INFO: Add of item with id Magento_Integration::system_integrations was processed [] []
[2024-10-17T06:23:03.952330+00:00] main.INFO: Add of item with id Magento_Sales::sales was processed [] []
[2024-10-17T06:23:03.957969+00:00] main.INFO: Add of item with id Magento_Sales::sales_operation was processed [] []
[2024-10-17T06:23:03.958585+00:00] main.INFO: Add of item with id Magento_Sales::sales_order was processed [] []
[2024-10-17T06:23:03.958907+00:00] main.INFO: Add of item with id Magento_Sales::sales_invoice was processed [] []
[2024-10-17T06:23:03.959294+00:00] main.INFO: Add of item with id Magento_Sales::sales_shipment was processed [] []
[2024-10-17T06:23:03.959690+00:00] main.INFO: Add of item with id Magento_Sales::sales_creditmemo was processed [] []
[2024-10-17T06:23:03.960010+00:00] main.INFO: Add of item with id Magento_Sales::sales_transactions was processed [] []
[2024-10-17T06:23:03.960788+00:00] main.INFO: Add of item with id Magento_Sales::system_order_statuses was processed [] []
[2024-10-17T06:23:03.961136+00:00] main.INFO: Add of item with id Magento_Widget::cms_widget_instance was processed [] []
[2024-10-17T06:23:03.963835+00:00] main.INFO: Add of item with id Magento_Analytics::business_intelligence was processed [] []
[2024-10-17T06:23:03.965683+00:00] main.INFO: Add of item with id Magento_Analytics::advanced_reporting was processed [] []
[2024-10-17T06:23:03.967202+00:00] main.INFO: Add of item with id Magento_Analytics::bi_essentials was processed [] []
[2024-10-17T06:23:03.969079+00:00] main.INFO: Add of item with id Magento_Downloadable::report_products_downloads was processed [] []
[2024-10-17T06:23:03.969898+00:00] main.INFO: Add of item with id Magento_ImportExport::system_convert_import was processed [] []
[2024-10-17T06:23:03.970228+00:00] main.INFO: Add of item with id Magento_ImportExport::system_convert_export was processed [] []
[2024-10-17T06:23:03.972056+00:00] main.INFO: Add of item with id Magento_ImportExport::system_convert_history was processed [] []
[2024-10-17T06:23:03.973208+00:00] main.INFO: Add of item with id Magento_Email::template was processed [] []
[2024-10-17T06:23:03.973831+00:00] main.INFO: Add of item with id Magento_EncryptionKey::system_crypt_key was processed [] []
[2024-10-17T06:23:03.974153+00:00] main.INFO: Add of item with id Magento_InventoryAdminUi::inventory was processed [] []
[2024-10-17T06:23:03.974471+00:00] main.INFO: Add of item with id Magento_InventoryAdminUi::source was processed [] []
[2024-10-17T06:23:03.974771+00:00] main.INFO: Add of item with id Magento_InventoryAdminUi::stock was processed [] []
[2024-10-17T06:23:03.975063+00:00] main.INFO: Add of item with id Magento_Reports::report was processed [] []
[2024-10-17T06:23:03.975429+00:00] main.INFO: Add of item with id Magento_Reports::report_marketing was processed [] []
[2024-10-17T06:23:03.976032+00:00] main.INFO: Add of item with id Magento_Reports::report_salesroot was processed [] []
[2024-10-17T06:23:03.976364+00:00] main.INFO: Add of item with id Magento_Reports::report_salesroot_sales was processed [] []
[2024-10-17T06:23:03.976649+00:00] main.INFO: Add of item with id Magento_Reports::report_salesroot_tax was processed [] []
[2024-10-17T06:23:03.976942+00:00] main.INFO: Add of item with id Magento_Reports::report_salesroot_invoiced was processed [] []
[2024-10-17T06:23:03.977218+00:00] main.INFO: Add of item with id Magento_Reports::report_salesroot_shipping was processed [] []
[2024-10-17T06:23:03.978315+00:00] main.INFO: Add of item with id Magento_Reports::report_salesroot_refunded was processed [] []
[2024-10-17T06:23:03.979026+00:00] main.INFO: Add of item with id Magento_Reports::report_salesroot_coupons was processed [] []
[2024-10-17T06:23:03.979535+00:00] main.INFO: Add of item with id Magento_Reports::report_shopcart_product was processed [] []
[2024-10-17T06:23:03.980155+00:00] main.INFO: Add of item with id Magento_Reports::report_shopcart_abandoned was processed [] []
[2024-10-17T06:23:03.980479+00:00] main.INFO: Add of item with id Magento_Reports::report_products was processed [] []
[2024-10-17T06:23:03.981128+00:00] main.INFO: Add of item with id Magento_Reports::report_products_bestsellers was processed [] []
[2024-10-17T06:23:03.982507+00:00] main.INFO: Add of item with id Magento_Reports::report_products_sold was processed [] []
[2024-10-17T06:23:03.982820+00:00] main.INFO: Add of item with id Magento_Reports::report_products_viewed was processed [] []
[2024-10-17T06:23:03.985558+00:00] main.INFO: Add of item with id Magento_Reports::report_products_lowstock was processed [] []
[2024-10-17T06:23:03.986026+00:00] main.INFO: Add of item with id Magento_Reports::report_customers was processed [] []
[2024-10-17T06:23:03.986543+00:00] main.INFO: Add of item with id Magento_Reports::report_customers_accounts was processed [] []
[2024-10-17T06:23:03.986963+00:00] main.INFO: Add of item with id Magento_Reports::report_customers_totals was processed [] []
[2024-10-17T06:23:03.987286+00:00] main.INFO: Add of item with id Magento_Reports::report_customers_orders was processed [] []
[2024-10-17T06:23:03.987662+00:00] main.INFO: Add of item with id Magento_Reports::report_statistics was processed [] []
[2024-10-17T06:23:03.988513+00:00] main.INFO: Add of item with id Magento_Reports::report_statistics_refresh was processed [] []
[2024-10-17T06:23:03.989293+00:00] main.INFO: Add of item with id Magento_Search::report_search_term was processed [] []
[2024-10-17T06:23:03.989950+00:00] main.INFO: Add of item with id Magento_LoginAsCustomerLog::login_log was processed [] []
[2024-10-17T06:23:03.990274+00:00] main.INFO: Add of item with id Magento_Marketplace::partners was processed [] []
[2024-10-17T06:23:03.990800+00:00] main.INFO: Add of item with id Magento_Newsletter::newsletter_template was processed [] []
[2024-10-17T06:23:03.991164+00:00] main.INFO: Add of item with id Magento_Newsletter::newsletter_queue was processed [] []
[2024-10-17T06:23:03.991652+00:00] main.INFO: Add of item with id Magento_Newsletter::newsletter_subscriber was processed [] []
[2024-10-17T06:23:03.992480+00:00] main.INFO: Add of item with id Magento_Newsletter::newsletter_problem was processed [] []
[2024-10-17T06:23:03.993187+00:00] main.INFO: Add of item with id Magento_SalesRule::promo_quote was processed [] []
[2024-10-17T06:23:03.993807+00:00] main.INFO: Add of item with id Magento_Sitemap::catalog_sitemap was processed [] []
[2024-10-17T06:23:03.994244+00:00] main.INFO: Add of item with id Magento_PageBuilder::templates was processed [] []
[2024-10-17T06:23:03.994531+00:00] main.INFO: Add of item with id Magento_Paypal::report_salesroot_paypal_settlement_reports was processed [] []
[2024-10-17T06:23:03.994872+00:00] main.INFO: Add of item with id Magento_Paypal::paypal_billing_agreement was processed [] []
[2024-10-17T06:23:03.995164+00:00] main.INFO: Add of item with id Magento_CheckoutAgreements::sales_checkoutagreement was processed [] []
[2024-10-17T06:23:03.995607+00:00] main.INFO: Add of item with id Magento_Review::catalog_reviews_ratings_ratings was processed [] []
[2024-10-17T06:23:03.995978+00:00] main.INFO: Add of item with id Magento_Review::catalog_reviews_ratings_pending was processed [] []
[2024-10-17T06:23:03.996273+00:00] main.INFO: Add of item with id Magento_Review::catalog_reviews_ratings_reviews_all was processed [] []
[2024-10-17T06:23:03.996551+00:00] main.INFO: Add of item with id Magento_Review::report_review was processed [] []
[2024-10-17T06:23:03.996862+00:00] main.INFO: Add of item with id Magento_Review::report_review_customer was processed [] []
[2024-10-17T06:23:03.997241+00:00] main.INFO: Add of item with id Magento_Review::report_review_product was processed [] []
[2024-10-17T06:23:03.997662+00:00] main.INFO: Add of item with id Magento_UrlRewrite::urlrewrite was processed [] []
[2024-10-17T06:23:03.998100+00:00] main.INFO: Add of item with id Magento_Tax::sales_tax was processed [] []
[2024-10-17T06:23:03.998590+00:00] main.INFO: Add of item with id Magento_Tax::sales_tax_rules was processed [] []
[2024-10-17T06:23:03.999158+00:00] main.INFO: Add of item with id Magento_Tax::sales_tax_rates was processed [] []
[2024-10-17T06:23:03.999608+00:00] main.INFO: Add of item with id Magento_TaxImportExport::system_convert_tax was processed [] []
[2024-10-17T06:23:04.000213+00:00] main.INFO: Add of item with id Magento_AsynchronousOperations::system_magento_logging was processed [] []
[2024-10-17T06:23:04.000568+00:00] main.INFO: Add of item with id Magento_AsynchronousOperations::system_magento_logging_bulk_operations was processed [] []
[2024-10-17T06:23:04.000875+00:00] main.INFO: Add of item with id Magento_CurrencySymbol::system_currency was processed [] []
[2024-10-17T06:23:04.001172+00:00] main.INFO: Add of item with id Magento_CurrencySymbol::system_currency_rates was processed [] []
[2024-10-17T06:23:04.001592+00:00] main.INFO: Add of item with id Magento_CurrencySymbol::system_currency_symbols was processed [] []
[2024-10-17T06:23:04.001945+00:00] main.INFO: Add of item with id PayPal_Braintree::settlement_report was processed [] []
[2024-10-17T06:23:04.002342+00:00] main.INFO: Add of item with id PayPal_Braintree::virtual_terminal was processed [] []
[2024-10-17T06:23:08.572599+00:00] main.DEBUG: Request validation failed for action "Magento\Framework\App\Action\Forward\Interceptor" {"exception":"[object] (Magento\\Framework\\App\\Request\\InvalidRequestException(code: 0): Invalid request received at /var/www/Live-Evomania/vendor/magento/framework/App/Request/CsrfValidator.php:105)"} []
[2024-10-17T06:47:45.969033+00:00] main.DEBUG: Request validation failed for action "Magento\Cms\Controller\Index\Index\Interceptor" {"exception":"[object] (Magento\\Framework\\App\\Request\\InvalidRequestException(code: 0): Invalid request received at /var/www/Live-Evomania/vendor/magento/framework/App/Request/CsrfValidator.php:105)"} []
