[2024-10-17T06:01:57.008841+00:00] main.DEBUG: cache_invalidate:  {"method":"GET","url":"http:/","invalidateInfo":{"tags":["CONFIG"],"mode":"matchingTag"}} []
[2024-10-17T06:01:57.010448+00:00] main.DEBUG: cache_invalidate:  {"method":"GET","url":"http:/","invalidateInfo":{"tags":["LAYOUT_GENERAL_CACHE_TAG"],"mode":"matchingTag"}} []
[2024-10-17T06:01:57.011917+00:00] main.DEBUG: cache_invalidate:  {"method":"GET","url":"http:/","invalidateInfo":{"tags":["BLOCK_HTML"],"mode":"matchingTag"}} []
[2024-10-17T06:01:57.013375+00:00] main.DEBUG: cache_invalidate:  {"method":"GET","url":"http:/","invalidateInfo":{"tags":["COLLECTION_DATA"],"mode":"matchingTag"}} []
[2024-10-17T06:01:57.014899+00:00] main.DEBUG: cache_invalidate:  {"method":"GET","url":"http:/","invalidateInfo":{"tags":["REFLECTION"],"mode":"matchingTag"}} []
[2024-10-17T06:01:57.016344+00:00] main.DEBUG: cache_invalidate:  {"method":"GET","url":"http:/","invalidateInfo":{"tags":["DB_DDL"],"mode":"matchingTag"}} []
[2024-10-17T06:01:57.017868+00:00] main.DEBUG: cache_invalidate:  {"method":"GET","url":"http:/","invalidateInfo":{"tags":["COMPILED_CONFIG"],"mode":"matchingTag"}} []
[2024-10-17T06:01:57.020095+00:00] main.DEBUG: cache_invalidate:  {"method":"GET","url":"http:/","invalidateInfo":{"tags":["EAV"],"mode":"matchingTag"}} []
[2024-10-17T06:01:57.021386+00:00] main.DEBUG: cache_invalidate:  {"method":"GET","url":"http:/","invalidateInfo":{"tags":["CUSTOMER_NOTIFICATION"],"mode":"matchingTag"}} []
[2024-10-17T06:01:57.022566+00:00] main.DEBUG: cache_invalidate:  {"method":"GET","url":"http:/","invalidateInfo":{"tags":["INTEGRATION"],"mode":"matchingTag"}} []
[2024-10-17T06:01:57.024078+00:00] main.DEBUG: cache_invalidate:  {"method":"GET","url":"http:/","invalidateInfo":{"tags":["INTEGRATION_API_CONFIG"],"mode":"matchingTag"}} []
[2024-10-17T06:01:57.091470+00:00] main.DEBUG: cache_invalidate:  {"method":"GET","url":"http:/","invalidateInfo":{"tags":["FPC"],"mode":"matchingTag"}} []
[2024-10-17T06:01:57.092827+00:00] main.DEBUG: cache_invalidate:  {"method":"GET","url":"http:/","invalidateInfo":{"tags":["WEBSERVICE"],"mode":"matchingTag"}} []
[2024-10-17T06:01:57.094137+00:00] main.DEBUG: cache_invalidate:  {"method":"GET","url":"http:/","invalidateInfo":{"tags":["TRANSLATE"],"mode":"matchingTag"}} []
[2024-10-17T06:01:57.520132+00:00] main.DEBUG: cache_invalidate:  {"method":"GET","url":"http:/","invalidateInfo":{"identifier":"DB_PDO_MYSQL_DDL_customer_grid_flat_1"}} []
[2024-10-17T06:01:57.521432+00:00] main.DEBUG: cache_invalidate:  {"method":"GET","url":"http:/","invalidateInfo":{"identifier":"DB_PDO_MYSQL_DDL_customer_grid_flat_2"}} []
[2024-10-17T06:01:57.522498+00:00] main.DEBUG: cache_invalidate:  {"method":"GET","url":"http:/","invalidateInfo":{"identifier":"DB_PDO_MYSQL_DDL_customer_grid_flat_3"}} []
[2024-10-17T06:01:57.524393+00:00] main.DEBUG: cache_invalidate:  {"method":"GET","url":"http:/","invalidateInfo":{"identifier":"DB_PDO_MYSQL_DDL_customer_grid_flat_4"}} []
[2024-10-17T06:01:57.525779+00:00] main.DEBUG: cache_invalidate:  {"method":"GET","url":"http:/","invalidateInfo":{"identifier":"DB_PDO_MYSQL_DDL_customer_grid_flat_5"}} []
[2024-10-17T06:01:57.865329+00:00] main.DEBUG: cache_invalidate:  {"method":"GET","url":"http:/","invalidateInfo":{"identifier":"DB_PDO_MYSQL_DDL_customer_grid_flat_1"}} []
[2024-10-17T06:01:57.866496+00:00] main.DEBUG: cache_invalidate:  {"method":"GET","url":"http:/","invalidateInfo":{"identifier":"DB_PDO_MYSQL_DDL_customer_grid_flat_2"}} []
[2024-10-17T06:01:57.869344+00:00] main.DEBUG: cache_invalidate:  {"method":"GET","url":"http:/","invalidateInfo":{"identifier":"DB_PDO_MYSQL_DDL_customer_grid_flat_3"}} []
[2024-10-17T06:01:57.871245+00:00] main.DEBUG: cache_invalidate:  {"method":"GET","url":"http:/","invalidateInfo":{"identifier":"DB_PDO_MYSQL_DDL_customer_grid_flat_4"}} []
[2024-10-17T06:01:57.872949+00:00] main.DEBUG: cache_invalidate:  {"method":"GET","url":"http:/","invalidateInfo":{"identifier":"DB_PDO_MYSQL_DDL_customer_grid_flat_5"}} []
[2024-10-17T06:01:57.980549+00:00] main.DEBUG: cache_invalidate:  {"method":"GET","url":"http:/","invalidateInfo":{"tags":["LAYOUT_GENERAL_CACHE_TAG"],"mode":"matchingTag"}} []
[2024-10-17T06:01:57.982047+00:00] main.DEBUG: cache_invalidate:  {"method":"GET","url":"http:/","invalidateInfo":{"tags":["BLOCK_HTML"],"mode":"matchingTag"}} []
[2024-10-17T06:01:57.983583+00:00] main.DEBUG: cache_invalidate:  {"method":"GET","url":"http:/","invalidateInfo":{"tags":["FPC"],"mode":"matchingTag"}} []
[2024-10-17T06:01:58.133461+00:00] main.DEBUG: cache_invalidate:  {"method":"GET","url":"http:/","invalidateInfo":{"tags":["CONFIG"],"mode":"matchingTag"}} []
[2024-10-17T06:01:58.136129+00:00] main.DEBUG: cache_invalidate:  {"method":"GET","url":"http:/","invalidateInfo":{"tags":["LAYOUT_GENERAL_CACHE_TAG"],"mode":"matchingTag"}} []
[2024-10-17T06:01:58.138026+00:00] main.DEBUG: cache_invalidate:  {"method":"GET","url":"http:/","invalidateInfo":{"tags":["BLOCK_HTML"],"mode":"matchingTag"}} []
[2024-10-17T06:01:58.139908+00:00] main.DEBUG: cache_invalidate:  {"method":"GET","url":"http:/","invalidateInfo":{"tags":["COLLECTION_DATA"],"mode":"matchingTag"}} []
[2024-10-17T06:01:58.141676+00:00] main.DEBUG: cache_invalidate:  {"method":"GET","url":"http:/","invalidateInfo":{"tags":["REFLECTION"],"mode":"matchingTag"}} []
[2024-10-17T06:01:58.143934+00:00] main.DEBUG: cache_invalidate:  {"method":"GET","url":"http:/","invalidateInfo":{"tags":["DB_DDL"],"mode":"matchingTag"}} []
[2024-10-17T06:01:58.145647+00:00] main.DEBUG: cache_invalidate:  {"method":"GET","url":"http:/","invalidateInfo":{"tags":["COMPILED_CONFIG"],"mode":"matchingTag"}} []
[2024-10-17T06:01:58.147675+00:00] main.DEBUG: cache_invalidate:  {"method":"GET","url":"http:/","invalidateInfo":{"tags":["EAV"],"mode":"matchingTag"}} []
[2024-10-17T06:01:58.149468+00:00] main.DEBUG: cache_invalidate:  {"method":"GET","url":"http:/","invalidateInfo":{"tags":["CUSTOMER_NOTIFICATION"],"mode":"matchingTag"}} []
[2024-10-17T06:01:58.151218+00:00] main.DEBUG: cache_invalidate:  {"method":"GET","url":"http:/","invalidateInfo":{"tags":["INTEGRATION"],"mode":"matchingTag"}} []
[2024-10-17T06:01:58.153010+00:00] main.DEBUG: cache_invalidate:  {"method":"GET","url":"http:/","invalidateInfo":{"tags":["INTEGRATION_API_CONFIG"],"mode":"matchingTag"}} []
[2024-10-17T06:01:58.155307+00:00] main.DEBUG: cache_invalidate:  {"method":"GET","url":"http:/","invalidateInfo":{"tags":["FPC"],"mode":"matchingTag"}} []
[2024-10-17T06:01:58.157051+00:00] main.DEBUG: cache_invalidate:  {"method":"GET","url":"http:/","invalidateInfo":{"tags":["WEBSERVICE"],"mode":"matchingTag"}} []
[2024-10-17T06:01:58.158848+00:00] main.DEBUG: cache_invalidate:  {"method":"GET","url":"http:/","invalidateInfo":{"tags":["TRANSLATE"],"mode":"matchingTag"}} []
[2024-10-17T06:02:48.499179+00:00] main.DEBUG: cache_invalidate:  {"method":"GET","url":"http:/","invalidateInfo":{"tags":["FPC"],"mode":"matchingTag"}} []
[2024-10-17T06:02:58.591567+00:00] main.DEBUG: cache_invalidate:  {"method":"GET","url":"http:/","invalidateInfo":{"tags":[],"mode":"all"}} []
[2024-10-17T06:02:58.595777+00:00] main.DEBUG: cache_invalidate:  {"method":"GET","url":"http:/","invalidateInfo":{"tags":[],"mode":"all"}} []
[2024-10-17T06:06:59.626044+00:00] main.DEBUG: cache_invalidate:  {"method":"POST","url":"http://13.127.161.26/index.php/admin/admin/index/index/key/d463355b24adc22ee67b8f4ed2c5b85cbe80f3853429ca83d0637374d0bbc0b5/","invalidateInfo":{"tags":["BACKEND_MAINMENU"],"mode":"matchingAnyTag"}} []
[2024-10-17T06:06:59.819275+00:00] main.DEBUG: cache_invalidate:  {"method":"POST","url":"http://13.127.161.26/index.php/admin/admin/index/index/key/d463355b24adc22ee67b8f4ed2c5b85cbe80f3853429ca83d0637374d0bbc0b5/","invalidateInfo":{"tags":["PB_EDITOR_CONFIG","CONFIG"],"mode":"matchingTag"}} []
[2024-10-17T06:06:59.858618+00:00] main.INFO: Item Magento_Backend::system_currency was removed [] []
[2024-10-17T06:06:59.874979+00:00] main.INFO: Add of item with id Magento_Config::system_config was processed [] []
[2024-10-17T06:06:59.875571+00:00] main.INFO: Add of item with id Magento_AdminNotification::system_adminnotification was processed [] []
[2024-10-17T06:06:59.876076+00:00] main.INFO: Add of item with id Magento_Theme::design_config was processed [] []
[2024-10-17T06:06:59.876397+00:00] main.INFO: Add of item with id Magento_Theme::system_design_theme was processed [] []
[2024-10-17T06:06:59.876757+00:00] main.INFO: Add of item with id Magento_Backend::system_design_schedule was processed [] []
[2024-10-17T06:06:59.877112+00:00] main.INFO: Add of item with id Magento_Backend::system_store was processed [] []
[2024-10-17T06:06:59.877623+00:00] main.INFO: Add of item with id Magento_Backend::dashboard was processed [] []
[2024-10-17T06:06:59.877971+00:00] main.INFO: Add of item with id Magento_Backend::system was processed [] []
[2024-10-17T06:06:59.878400+00:00] main.INFO: Add of item with id Magento_Backend::system_tools was processed [] []
[2024-10-17T06:06:59.878878+00:00] main.INFO: Add of item with id Magento_Backend::system_design was processed [] []
[2024-10-17T06:06:59.879855+00:00] main.INFO: Add of item with id Magento_Backend::system_convert was processed [] []
[2024-10-17T06:06:59.880835+00:00] main.INFO: Add of item with id Magento_Backend::system_cache was processed [] []
[2024-10-17T06:06:59.881587+00:00] main.INFO: Add of item with id Magento_Backend::marketing was processed [] []
[2024-10-17T06:06:59.882216+00:00] main.INFO: Add of item with id Magento_Backend::marketing_communications was processed [] []
[2024-10-17T06:06:59.882934+00:00] main.INFO: Add of item with id Magento_Backend::marketing_seo was processed [] []
[2024-10-17T06:06:59.883254+00:00] main.INFO: Add of item with id Magento_Backend::marketing_user_content was processed [] []
[2024-10-17T06:06:59.883596+00:00] main.INFO: Add of item with id Magento_Backend::content was processed [] []
[2024-10-17T06:06:59.884003+00:00] main.INFO: Add of item with id Magento_Backend::content_elements was processed [] []
[2024-10-17T06:06:59.884288+00:00] main.INFO: Add of item with id Magento_Backend::stores was processed [] []
[2024-10-17T06:06:59.884661+00:00] main.INFO: Add of item with id Magento_Backend::stores_settings was processed [] []
[2024-10-17T06:06:59.885072+00:00] main.INFO: Add of item with id Magento_Backend::stores_attributes was processed [] []
[2024-10-17T06:06:59.885629+00:00] main.INFO: Add of item with id Magento_Backend::other_settings was processed [] []
[2024-10-17T06:06:59.886101+00:00] main.INFO: Add of item with id Magento_Backend::system_other_settings was processed [] []
[2024-10-17T06:06:59.886378+00:00] main.INFO: Add of item with id Magento_User::system_acl was processed [] []
[2024-10-17T06:06:59.886673+00:00] main.INFO: Add of item with id Magento_User::system_acl_users was processed [] []
[2024-10-17T06:06:59.886996+00:00] main.INFO: Add of item with id Magento_User::system_acl_roles was processed [] []
[2024-10-17T06:06:59.887337+00:00] main.INFO: Add of item with id Magento_User::system_acl_locks was processed [] []
[2024-10-17T06:06:59.887610+00:00] main.INFO: Add of item with id Magento_Customer::customer was processed [] []
[2024-10-17T06:06:59.888131+00:00] main.INFO: Add of item with id Magento_Customer::customer_manage was processed [] []
[2024-10-17T06:06:59.888691+00:00] main.INFO: Add of item with id Magento_Customer::customer_online was processed [] []
[2024-10-17T06:06:59.889049+00:00] main.INFO: Add of item with id Magento_Customer::customer_group was processed [] []
[2024-10-17T06:06:59.889461+00:00] main.INFO: Add of item with id Magento_Backup::system_tools_backup was processed [] []
[2024-10-17T06:06:59.889983+00:00] main.INFO: Add of item with id Magento_Indexer::system_index was processed [] []
[2024-10-17T06:06:59.890305+00:00] main.INFO: Add of item with id Magento_Variable::system_variable was processed [] []
[2024-10-17T06:06:59.890767+00:00] main.INFO: Add of item with id Magento_Cms::cms_page was processed [] []
[2024-10-17T06:06:59.891073+00:00] main.INFO: Add of item with id Magento_Cms::cms_block was processed [] []
[2024-10-17T06:06:59.891363+00:00] main.INFO: Add of item with id Magento_Search::search_terms was processed [] []
[2024-10-17T06:06:59.891734+00:00] main.INFO: Add of item with id Magento_Search::search_synonyms was processed [] []
[2024-10-17T06:06:59.892113+00:00] main.INFO: Add of item with id Magento_Catalog::catalog was processed [] []
[2024-10-17T06:06:59.892576+00:00] main.INFO: Add of item with id Magento_Catalog::catalog_products was processed [] []
[2024-10-17T06:06:59.893245+00:00] main.INFO: Add of item with id Magento_Catalog::catalog_categories was processed [] []
[2024-10-17T06:06:59.893629+00:00] main.INFO: Add of item with id Magento_Catalog::catalog_attributes_attributes was processed [] []
[2024-10-17T06:06:59.893925+00:00] main.INFO: Add of item with id Magento_Catalog::catalog_attributes_sets was processed [] []
[2024-10-17T06:06:59.894208+00:00] main.INFO: Add of item with id Magento_Catalog::inventory was processed [] []
[2024-10-17T06:06:59.895361+00:00] main.INFO: Add of item with id Magento_CatalogRule::promo was processed [] []
[2024-10-17T06:06:59.895800+00:00] main.INFO: Add of item with id Magento_CatalogRule::promo_catalog was processed [] []
[2024-10-17T06:06:59.896154+00:00] main.INFO: Add of item with id Magento_MediaGalleryUi::media was processed [] []
[2024-10-17T06:06:59.896850+00:00] main.INFO: Add of item with id Magento_MediaGalleryUi::media_gallery was processed [] []
[2024-10-17T06:06:59.897270+00:00] main.INFO: Add of item with id Magento_Integration::system_extensions was processed [] []
[2024-10-17T06:06:59.897747+00:00] main.INFO: Add of item with id Magento_Integration::system_integrations was processed [] []
[2024-10-17T06:06:59.898147+00:00] main.INFO: Add of item with id Magento_Sales::sales was processed [] []
[2024-10-17T06:06:59.898454+00:00] main.INFO: Add of item with id Magento_Sales::sales_operation was processed [] []
[2024-10-17T06:06:59.898857+00:00] main.INFO: Add of item with id Magento_Sales::sales_order was processed [] []
[2024-10-17T06:06:59.899237+00:00] main.INFO: Add of item with id Magento_Sales::sales_invoice was processed [] []
[2024-10-17T06:06:59.899522+00:00] main.INFO: Add of item with id Magento_Sales::sales_shipment was processed [] []
[2024-10-17T06:06:59.900376+00:00] main.INFO: Add of item with id Magento_Sales::sales_creditmemo was processed [] []
[2024-10-17T06:06:59.900976+00:00] main.INFO: Add of item with id Magento_Sales::sales_transactions was processed [] []
[2024-10-17T06:06:59.901420+00:00] main.INFO: Add of item with id Magento_Sales::system_order_statuses was processed [] []
[2024-10-17T06:06:59.901692+00:00] main.INFO: Add of item with id Magento_Widget::cms_widget_instance was processed [] []
[2024-10-17T06:06:59.902006+00:00] main.INFO: Add of item with id Magento_Analytics::business_intelligence was processed [] []
[2024-10-17T06:06:59.902351+00:00] main.INFO: Add of item with id Magento_Analytics::advanced_reporting was processed [] []
[2024-10-17T06:06:59.902638+00:00] main.INFO: Add of item with id Magento_Analytics::bi_essentials was processed [] []
[2024-10-17T06:06:59.903166+00:00] main.INFO: Add of item with id Magento_Downloadable::report_products_downloads was processed [] []
[2024-10-17T06:06:59.904270+00:00] main.INFO: Add of item with id Magento_ImportExport::system_convert_import was processed [] []
[2024-10-17T06:06:59.905276+00:00] main.INFO: Add of item with id Magento_ImportExport::system_convert_export was processed [] []
[2024-10-17T06:06:59.905778+00:00] main.INFO: Add of item with id Magento_ImportExport::system_convert_history was processed [] []
[2024-10-17T06:06:59.906418+00:00] main.INFO: Add of item with id Magento_Email::template was processed [] []
[2024-10-17T06:06:59.906760+00:00] main.INFO: Add of item with id Magento_EncryptionKey::system_crypt_key was processed [] []
[2024-10-17T06:06:59.907238+00:00] main.INFO: Add of item with id Magento_InventoryAdminUi::inventory was processed [] []
[2024-10-17T06:06:59.907561+00:00] main.INFO: Add of item with id Magento_InventoryAdminUi::source was processed [] []
[2024-10-17T06:06:59.908364+00:00] main.INFO: Add of item with id Magento_InventoryAdminUi::stock was processed [] []
[2024-10-17T06:06:59.908794+00:00] main.INFO: Add of item with id Magento_Reports::report was processed [] []
[2024-10-17T06:06:59.909508+00:00] main.INFO: Add of item with id Magento_Reports::report_marketing was processed [] []
[2024-10-17T06:06:59.909878+00:00] main.INFO: Add of item with id Magento_Reports::report_salesroot was processed [] []
[2024-10-17T06:06:59.910859+00:00] main.INFO: Add of item with id Magento_Reports::report_salesroot_sales was processed [] []
[2024-10-17T06:06:59.911153+00:00] main.INFO: Add of item with id Magento_Reports::report_salesroot_tax was processed [] []
[2024-10-17T06:06:59.911421+00:00] main.INFO: Add of item with id Magento_Reports::report_salesroot_invoiced was processed [] []
[2024-10-17T06:06:59.911685+00:00] main.INFO: Add of item with id Magento_Reports::report_salesroot_shipping was processed [] []
[2024-10-17T06:06:59.913553+00:00] main.INFO: Add of item with id Magento_Reports::report_salesroot_refunded was processed [] []
[2024-10-17T06:06:59.913929+00:00] main.INFO: Add of item with id Magento_Reports::report_salesroot_coupons was processed [] []
[2024-10-17T06:06:59.914240+00:00] main.INFO: Add of item with id Magento_Reports::report_shopcart_product was processed [] []
[2024-10-17T06:06:59.914514+00:00] main.INFO: Add of item with id Magento_Reports::report_shopcart_abandoned was processed [] []
[2024-10-17T06:06:59.914792+00:00] main.INFO: Add of item with id Magento_Reports::report_products was processed [] []
[2024-10-17T06:06:59.915189+00:00] main.INFO: Add of item with id Magento_Reports::report_products_bestsellers was processed [] []
[2024-10-17T06:06:59.915459+00:00] main.INFO: Add of item with id Magento_Reports::report_products_sold was processed [] []
[2024-10-17T06:06:59.915735+00:00] main.INFO: Add of item with id Magento_Reports::report_products_viewed was processed [] []
[2024-10-17T06:06:59.916043+00:00] main.INFO: Add of item with id Magento_Reports::report_products_lowstock was processed [] []
[2024-10-17T06:06:59.916315+00:00] main.INFO: Add of item with id Magento_Reports::report_customers was processed [] []
[2024-10-17T06:06:59.916692+00:00] main.INFO: Add of item with id Magento_Reports::report_customers_accounts was processed [] []
[2024-10-17T06:06:59.918385+00:00] main.INFO: Add of item with id Magento_Reports::report_customers_totals was processed [] []
[2024-10-17T06:06:59.918739+00:00] main.INFO: Add of item with id Magento_Reports::report_customers_orders was processed [] []
[2024-10-17T06:06:59.919035+00:00] main.INFO: Add of item with id Magento_Reports::report_statistics was processed [] []
[2024-10-17T06:06:59.919430+00:00] main.INFO: Add of item with id Magento_Reports::report_statistics_refresh was processed [] []
[2024-10-17T06:06:59.920290+00:00] main.INFO: Add of item with id Magento_Search::report_search_term was processed [] []
[2024-10-17T06:06:59.920869+00:00] main.INFO: Add of item with id Magento_LoginAsCustomerLog::login_log was processed [] []
[2024-10-17T06:06:59.921219+00:00] main.INFO: Add of item with id Magento_Marketplace::partners was processed [] []
[2024-10-17T06:06:59.921655+00:00] main.INFO: Add of item with id Magento_Newsletter::newsletter_template was processed [] []
[2024-10-17T06:06:59.921972+00:00] main.INFO: Add of item with id Magento_Newsletter::newsletter_queue was processed [] []
[2024-10-17T06:06:59.922241+00:00] main.INFO: Add of item with id Magento_Newsletter::newsletter_subscriber was processed [] []
[2024-10-17T06:06:59.922593+00:00] main.INFO: Add of item with id Magento_Newsletter::newsletter_problem was processed [] []
[2024-10-17T06:06:59.922901+00:00] main.INFO: Add of item with id Magento_SalesRule::promo_quote was processed [] []
[2024-10-17T06:06:59.923183+00:00] main.INFO: Add of item with id Magento_Sitemap::catalog_sitemap was processed [] []
[2024-10-17T06:06:59.923449+00:00] main.INFO: Add of item with id Magento_PageBuilder::templates was processed [] []
[2024-10-17T06:06:59.930446+00:00] main.INFO: Add of item with id Magento_Paypal::report_salesroot_paypal_settlement_reports was processed [] []
[2024-10-17T06:06:59.931132+00:00] main.INFO: Add of item with id Magento_Paypal::paypal_billing_agreement was processed [] []
[2024-10-17T06:06:59.931417+00:00] main.INFO: Add of item with id Magento_CheckoutAgreements::sales_checkoutagreement was processed [] []
[2024-10-17T06:06:59.931787+00:00] main.INFO: Add of item with id Magento_Review::catalog_reviews_ratings_ratings was processed [] []
[2024-10-17T06:06:59.932181+00:00] main.INFO: Add of item with id Magento_Review::catalog_reviews_ratings_pending was processed [] []
[2024-10-17T06:06:59.933106+00:00] main.INFO: Add of item with id Magento_Review::catalog_reviews_ratings_reviews_all was processed [] []
[2024-10-17T06:06:59.933948+00:00] main.INFO: Add of item with id Magento_Review::report_review was processed [] []
[2024-10-17T06:06:59.935201+00:00] main.INFO: Add of item with id Magento_Review::report_review_customer was processed [] []
[2024-10-17T06:06:59.936992+00:00] main.INFO: Add of item with id Magento_Review::report_review_product was processed [] []
[2024-10-17T06:06:59.937344+00:00] main.INFO: Add of item with id Magento_UrlRewrite::urlrewrite was processed [] []
[2024-10-17T06:06:59.940193+00:00] main.INFO: Add of item with id Magento_Tax::sales_tax was processed [] []
[2024-10-17T06:06:59.941780+00:00] main.INFO: Add of item with id Magento_Tax::sales_tax_rules was processed [] []
[2024-10-17T06:06:59.942079+00:00] main.INFO: Add of item with id Magento_Tax::sales_tax_rates was processed [] []
[2024-10-17T06:06:59.942349+00:00] main.INFO: Add of item with id Magento_TaxImportExport::system_convert_tax was processed [] []
[2024-10-17T06:06:59.944308+00:00] main.INFO: Add of item with id Magento_AsynchronousOperations::system_magento_logging was processed [] []
[2024-10-17T06:06:59.945385+00:00] main.INFO: Add of item with id Magento_AsynchronousOperations::system_magento_logging_bulk_operations was processed [] []
[2024-10-17T06:06:59.945956+00:00] main.INFO: Add of item with id Magento_CurrencySymbol::system_currency was processed [] []
[2024-10-17T06:06:59.947467+00:00] main.INFO: Add of item with id Magento_CurrencySymbol::system_currency_rates was processed [] []
[2024-10-17T06:06:59.948288+00:00] main.INFO: Add of item with id Magento_CurrencySymbol::system_currency_symbols was processed [] []
[2024-10-17T06:06:59.948757+00:00] main.INFO: Add of item with id PayPal_Braintree::settlement_report was processed [] []
[2024-10-17T06:06:59.949120+00:00] main.INFO: Add of item with id PayPal_Braintree::virtual_terminal was processed [] []
[2024-10-17T06:07:05.572872+00:00] main.DEBUG: Request validation failed for action "Magento\Framework\App\Action\Forward\Interceptor" {"exception":"[object] (Magento\\Framework\\App\\Request\\InvalidRequestException(code: 0): Invalid request received at /var/www/UAT-Evomania/vendor/magento/framework/App/Request/CsrfValidator.php:105)"} []
[2024-10-17T06:28:58.727384+00:00] main.DEBUG: cache_invalidate:  {"method":"POST","url":"http://13.127.161.26/index.php/admin/admin/dashboard/index/key/76d6a4a3238ecad55550faa872587165019115a6c010c5416ac0c8c1c1c2731b/","invalidateInfo":{"tags":["BACKEND_MAINMENU"],"mode":"matchingAnyTag"}} []
[2024-10-17T06:28:58.848467+00:00] main.DEBUG: cache_invalidate:  {"method":"POST","url":"http://13.127.161.26/index.php/admin/admin/dashboard/index/key/76d6a4a3238ecad55550faa872587165019115a6c010c5416ac0c8c1c1c2731b/","invalidateInfo":{"tags":["PB_EDITOR_CONFIG","CONFIG"],"mode":"matchingTag"}} []
[2024-10-17T06:29:00.416829+00:00] main.DEBUG: Request validation failed for action "Magento\Framework\App\Action\Forward\Interceptor" {"exception":"[object] (Magento\\Framework\\App\\Request\\InvalidRequestException(code: 0): Invalid request received at /var/www/UAT-Evomania/vendor/magento/framework/App/Request/CsrfValidator.php:105)"} []
